[    0.000000] Linux version 4.15.0-43-generic (buildd@lgw01-amd64-001) (gcc version 7.3.0 (Ubuntu 7.3.0-16ubunt))) #4-Ubuntu SP Thu Dec 6 14:45:28 UTC 2018 (Ubuntu 4.15.0-43.46-generic4.15.18)
[    0.000000] Command line: BOOT_IMAGE=/boot/vmlinuz-4.15.0-43-generic root=LABEL=cloudimg-rootfs ro console=tty1 console=ttyS0
[    0.000000] KERNEL supported cpus:
[    0.000000]   Intel GenuineIntel
[   0.000000]   AMD utheticAMD
[    0.000000]   Centaur CentaurHauls
[    0.000000] x86/fpu: Supporting XSAVE feature 0x001: 'x87 floating point registers'
[    0.000000] x86/fpu: Supporting XSAVE feature 0x002: 'SSE registers'
[    0.000000] x86/fpu: Supporting XSAVE feature 0004: 'AVX registers'
[    0.000000] x86/fpu: xstate_offset[2]:  576, xstate_sizes[2]:  256
[    0.000000] x86/fpu: Enabled state features 0x7, context size is 832 bytes, using 'standard' format.
[    0.000000] e820: BIOS-provided physical RAM map:
[    0.000000] BIOS-e820: [mem 0x0000000000000000-0x00000000009fbff] usale
[    0.000000] BIOS-e820: [mem 0x000000000009fc00-0x000000000009ffff] reserved
[   0.000000] BIOS-e820: [mem 0x00000000000f0000-0x00000000000fffff] reserved
[    0.000000] BIOS-e820: [mem 0x0000000000100000-0x000000003ffeffff] usable
[    0.000000] BIOS-e820: [mem 0x000000003fff0000-0x000000003fffffff] ACPI data
[    0.000000] BIOS-e820: [mem 0x00000000fec00000-0x00000000fec00fff] reserved
[    0.000000] BIOS-e820: [mem 0x00000000fee00000-0x00000000fee00fff] eserved
[    0.000000] BIOS-e820: [meem 0x0000000fffc0000-0x00000000ffffffff] reserved
[    0.000000] NX (Execute Disable) protection: active
[   0.000000] SMBIOS 2.5 present.
[    0.000000] DMI: innotek GmbH VirtualBox/VitualBox, BIOS VirtualBox 1/01/206
[    0.000000] Hypervisor detected: KVM
[    0.000000] e820: last_pfn = 0x3fff0 max_arch_pfn = 0x400000000
[    0.000000] MTRR: Disabled
    0.000000] x86/PAT MTRRs disabed, sipping PAT intializtion too.
[    0.000000] CPU MRRs all blank - virtualizedsystem.
[    0.00000] x86/PAT: Configuration [0-7]: WB  WT  UC- UC  WB  WT  UC- UC  
[    0.000000] found SMP MP-table at [mem 0x0009fff0-0x0009ffff] mapped at [        (ptrval)]
[    0.000000] Scanning 1 areas for low memory corruption
[    0.000000] RAMDISK: [mem 0x359c9000-0x36cdbfff]
[    0.000000] ACPI: Early table checksum verification disabled
[    0.000000] ACPI: RSDP 0x00000000000E0000 000024 (v02 VBOX  )
[    0.000000] ACPI: XSDT 0x000000003FFF0030 00003C (v1 VBOX   VBOXXSDT 00000001 ASL  00000061)
[    0.000000] ACPI: FACP 0x000000003FFF00F0 0000F4 (v04 VBOX   VBOXFACP 00000001 ASL  00000061)
[    0.000000] ACPI: DSDT 0x000000003FFF0470 0021FF (v02 VBOX   VBOXBIOS 00000002 INTL 20100528)
[    0.000000] API: FACS 0x000000003FFF0200 000040
[    0.000000] ACPI: FACS 0x000000003FFF0200 000040
[    0.000000] ACI: APIC 0x000000003FFF0240 00005C (v02 VBOX   VBOXAPIC 00000001 ASL  00000061)
[    0.000000] ACPI: SSDT 0x000000003FFF02A0 0001CC (v01 VBOX   VBOXCPUT 00000002 INTL 20100528)
[    0.000000] No NUMA configuation found
[    0.000000] Faking  node at [mem 0x0000000000000000-0x000000003ffefff]
[    0.000000] NDE_DATA(0) allocated [mem 0x3ffc5000-0x3ffeffff]
[    0000000] kvm-clock: cpu 0, msr 0:3ff44001, primarycpu clock
[    0.000000] kvm-clock: Using msrs 4b564d01 and 4b564d00
[    0.000000] kvm-clock: using sched offset of 5982144085 cycles
[    0.000000] clocksource: kvm-clock: mask: 0xfffffffffffffff max_cycles: 0x1cd42e4dffb, max_idle_ns: 881590591483 ns
[    0.000000] Zone ranges:
[    0.000000]   DMA      [mem 0x0000000000001000-0x0000000000fffff]
[    0.000000]   DMA32    [mem 0x000000001000000-0x000000003ffeffff]
[    0.000000]   Normal   empty
[    0.000000]   Device   empty
[    0.000000] Movable zone start fo each node
[    0.000000] Early memory node ranges
[    0.000000]  node   0: [mem 0x00000000000100-0x000000000009efff]
[    0.000000]   node   0: [mem 0x0000000000100000-x000000003ffeffff]
[    0.000000] Initmem stup node 0 [mem 0x0000000000001000-0x000000003feffff]
[   0.000000] Reserved but unavailable: 98 pages
    0.000000] ACPI: PM-Tmer IO Port: 0x4008
[    0.000000] IOAPIC[0]: apic_id 2, version 32, address 0xfec00000, GSI 0-23
[   0.000000] ACPPI: INT_SRC_OVR (bus 0 bus_irq 0 global_irq 2 dfl dfl)
[    0.000000] ACPI: INT_SRC_OVR (bus 0 bus_irq 9 global_irq 9 low level)
[    0.000000] Using ACPI (MADT) for SMP configuration information
[    0.000000] smpboot: Allowing 2 CPUs, 0 hotplug CPUs
[    0.000000] PM: Registered nosave memory: [mem 0x00000000-0x00000fff]
[    0.000000] PM: Registered nosave memory: [mem 0x0009f000-0x0009ffff]
[    0.000000] PM: Registered nosave memory: [mem 0x000a0000-0x000effff]
[    0.000000] PM: Registered nosave memory: [mem 0x000f0000-0x000fffff]
[    0.000000] e820: [mem 0x40000000-0xfebfffff] available for PCI devices
[    0.000000] Booting paravirtualized kernel n KVM
[    0.000000] clocksource: refined-jiffies: mask: 0xffffffff max_cycles: 0xffffffff, max_idle_ns: 7645519600211568 ns
[    0.000000] random: get_random_bytes called fro start_kerel+0x99/0x4fd with crng_init=0
[    0.00000] setup_percpu: NR_CPUS:8192 nr_cpumask_bits:2 nr_cpu_ids:2 nr_nde_ids:1
[    0.000000] percpu: Embedded 46 pages/cpu @        (ptrval) s151552 r8192 d2872 u1048576
[    0.000000] PV qspinlock hash table entries: 256 (order: 0, 4096 bytes)
[    0.000000] Built 1 zonelists, mobility grouping on.  Total pages: 257913
[    0.00000] Policy zone: DMA32
[    0.000000] Kernel command line: BOOT_IMAGE=bootvmmlinu-4.15.-43-generic root=LABEL=cloudimg-rootfs ro console=tty1 console=ttyS0
[    0.000000] Memory: 983052K/1048120K available (12300K kernel code, 2472K rwdata, 4252K rodata, 2408K init, 2416K bss, 65068K reserved, 0K cma-reserved)
[    0.000000] SLUB: HWalign=64, Order=0-3, MinObjects=0, CPUs=2, Nodes=1
[    0.000000] Kernel/User page tables isolation: enabled
[    0.000000] ftrace: allocating 39186 entries in 154 pages
[    0.004000] Hierarchical RCU implementation.
[    0.004000] 	RCU restricting CPUs from NR_CPUS=8192 to nr_cpu_ids=2.
[    0.004000] 	Tasks RCU enabled.
[    0.004000] RCU: Adjusting geometry for rcu_fanout_leaf=16, nr_cpu_ids=2
[    0.004000] NR_IRQS: 52544, nr_irqs:440, reallocated irqs: 16
    0.004000] Console: colour VGA+ 80x25[    0.004000] console [tty1] enabled
[    0.004000] console [ttyS0] enabled
[    0.004000 ACPI: Coe revsion 20170831[[    0.004000] ACPI: 2 ACPI AML tables succesfully acquired and loaded
[    0.004000] APIC: Switch to symmetric I/O mode setup
[    0.004000] x2apic enabled
[    0.004009] Switchd APIC routing to physical x2apic.
[    0.012890] ..TIMER: vector=0x30 apic1=0 pin1=2 apic2=-1 pin2=-1
[    0.016010] tsc: Detected 1103.999 MHz processor
[    0.020027] Calibrating delay loop (skipped) preset value.. 2207.99 BogoMIPS (lpj=4415996)
[    0.024010] pid_max: default: 32768 minimum: 301
[    0.028079] Security Framework initialized
[    0.032009] Yama: becoming mindful.
[    0.036061] AppArmor: AppArmor initialized
[    0.044125] Dentry cache hash table entries: 131072 (order: 8, 1048576 bytes)
[    0.048173] Inode-cache hash table entries: 65536 (order: 7, 524288 bytes)
[    0.052110] Mount-cache hash table entries: 2048 (order: 2, 16384 bytes)
[    0.056019] Mountpoint-cache hash table entries: 2048 (order: 2, 16384 bytes)
[    0.060701] mce: CPU supports 0 MCE banks
[    0.064038] Last level iTLB entries: 4KB 64, 2MB 8, 4MB 8
[    0.068013] Last level dTLB entries: 4KB 64, 2MB 0, 4MB 0, 1GB 4
[    0.072010] Spectre V2 : Mitigation: Full generic retpoline
[    0.076008] Spectre V2 : Spectre v2 / SpectreRSB mitigation: Filling RSB on context switch
[    0.080011] Speculative Store Bypass: Vulnerable
[    0.084352] Freeing SMP alternatives memory: 36K
[    0.092000] smpboot: CPU0: Intel(R) Core(TM) m3-6Y30 CPU @ 0.90GHz (famil: 0x6, model: 0x4e, stepping: 0x3)
[    0.092105] Performance Events: unsupported p6 CPU model 78 no PMU driver, software events only.
[    0.096070] Hierarchical SRCU implementation.
[    0.100840] NMI watchdog: Perf event create on CPU 0 failed with -2
[    0.104005] NMI watchdog: Perf NMI watchdog permanently disabled
[    0.108077] smp: Bringing up secondary CPUs ...
[    0.112134] x86: Booting SMP configuration:
[    0.114834] .... node  #0, CPUs:      #1
[    0.004000] kvm-clock: cpu 1, msr 0:3ff44041, secondary cpu clock
[    0.004000] mce: CPU supports 0 MCE banks
[    0.132030] smp: Brought up 1 node, 2 CPUs
[    0.136009] smpboot: Max logical packages: 1
[    0.140006] smpboot: Total of 2 processors activated (4415.99 BogoMIPS)
[    0.144286] devtmpfs: initialized
[    0.148076] x86/mm: Memory block size: 128MB
[    0.152204] evm: security.selinux
[    0.156009] evm: security.SMACK64
[    0.160006] evm: security.SMACK64EXEC
[    0.164005] evm: security.SMACK64TRANSMUTE
[    0.168007] evm: security.SMACK64MMAP
[    0.172007] evm: security.apparmor
[    0.174218] evm: security.ima
[    0.176003] evm: security.capability
[    0.180210] clocksource: jiffies: mask: 0xffffffff max_cycles: 0xffffffff, max_idle_ns: 7645041785100000 ns
[    0.184065] futex hash table entries: 512 (order: 3, 32768 bytes)
[    0.188113] pinctrl core: initialized pinctrl subsystem
[    0.194665] RTC time:  6:26:44, date: 01/27/19
[    0.196525] NET: Registered protocol family 16
[    0.200109] audit: initializing netlink subsys (disabled)
[    0.204069] audit: type=2000 audit(1548570407.938:1): state=initialized audit_enabled=0 res=1
[    0.224015] cpuidle: using governor ladder
[    0.228040] cpuidle: using governor menu
[    0.232073] ACPI: bus type PCI registered
[    0.236022] acpiphp: ACPI Hot Plug PCI Controller Driver version: 0.5
[    0.240228] PCI: Using configuration type 1 for base access
[    0.245545] HugeTLB registered 2.00 MiB page size, pre-allocated 0 pages
[    0.252190] ACPI: Added _OSI(Module Device)
[    0.256018] ACPI: Added _OSI(Processor Device)
[    0.260023] ACPI: Added _OSI(3.0 _SCP Extensions)
[    0.264009] ACPI: Added _OSI(Processor Aggregator Device)
[    0.268010] ACPI: Added _OSI(Linux-Dell-Video)
[    0.272010] ACPI: Added _OSI(Linux-Lenovo-NV-HDMI-Audio)
[    0.277035] ACPI: Executed 1 blocks of module-level executable AML code
[    0.289061] ACPI: Interpreter enabled
[    0.292030] ACPI: (supports S0 S5)
[    0.293821] ACPI: Using IOAPIC for interrupt routing
[    0.296330] PCI: Using host bridge windows from ACPI; if necessary, use "pci=nocrs" and report a bug
[    0.300559] ACPI: Enabled 2 GPEs in block 00 to 07
[    0.317884] ACPI: PCI Root Bridge [PCI0] (domain 0000 [bus 00-ff])
[    0.320022] acpi PNP0A03:00: _OSC: OS supports [ASPM ClockPM Segments MSI]
[    0.324073] acpi PNP0A03:00: _OSC: not requesting OS control; OS requires [ExtendedConfig ASPM ClockPM MSI]
[    0.328032] acpi PNP0A03:00: fail to add MMCONFIG information, can't access extended PCI configuration space under this bridge.
[    0.332917] PCI host bridge to bus 0000:00
[    0.336011] pci_bus 0000:00: root bus resource [io  0x0000-0x0cf7 window]
[    0.340011] pci_bus 0000:00: root bus resource [io  0x0d00-0xffff window]
[    0.344013] pci_bus 0000:00: root bus resource [mem 0x000a0000-0x000bffff window]
[    0.348012] pci_bus 0000:00: root bus resource [mem 0x40000000-0xfdffffff window]
[    0.352011] pci_bus 0000:00: root bus resource [bus 00-ff]
[    0.363235] pci 0000:00:01.1: legacy IDE quirk: reg 0x10: [io  0x01f0-0x01f7]
[    0.364023] pci 0000:00:01.1: legacy IDE quirk: reg 0x14: [io  0x03f6]
[    0.368011] pci 0000:00:01.1: legacy IDE quirk: reg 0x18: [io  0x0170-0x0177]
[    0.372011] pci 0000:00:01.1: legacy IDE quirk: reg 0x1c: [io  0x0376]
[    0.416480] pci 0000:00:07.0: quirk: [io  0x4000-0x403f] claimed by PIIX4 ACPI
[    0.420072] pci 0000:00:07.0: quirk: [io  0x4100-0x410f] claimed by PIIX4 SMB
[    0.458723] ACPI: PCI Interrupt Link [LNKA] (IRQs 5 9 10 *11)
[    0.460905] ACPI: PCI Interrupt Link [LNKB] (IRQs 5 9 *10 11)
[    0.464858] ACPI: PCI Interrupt Link [LNKC] (IRQs 5 *9 10 11)
[    0.468549] ACPI: PCI Interrupt Link [LNKD] (IRQs 5 9 10 *11)
[    0.473144] SCSI subsystem initialized
[    0.480236] pci 0000:00:02.0: vgaarb: setting as boot VGA device
[    0.484000] pci 0000:00:02.0: vgaarb: VGA device added: decodes=io+mem,owns=io+mem,locks=none
[    0.484016] pci 0000:00:02.0: vgaarb: bridge control possible
[    0.488009] vgaarb: loaded
[    0.490738] ACPI: bus type USB registered
[    0.492052] usbcore: registered new interface driver usbfs
[    0.496033] usbcore: registered new interface driver hub
[    0.500061] usbcore: registered new device driver usb
[    0.508068] EDAC MC: Ver: 3.0.0
[    0.512838] PCI: Using ACPI for IRQ routing
[    0.516790] NetLabel: Initializing
[    0.520005] NetLabel:  domain hash size = 128
[    0.524007] NetLabel:  protocols = UNLABELED CIPSOv4 CALIPSO
[    0.528037] NetLabel:  unlabeled traffic allowed by default
[    0.532316] clocksource: Switched to clocksource kvm-clock
[    0.562649] VFS:Disk uotas dquot_6.6.0
[    0.630187] VFS: Dquot-cace hashtableentrie: 512 (order 0, 496 bytes)
[    0803239] AppArmor: AppArmor Filesystem Enabled
[    0.837836] pnp: PnP ACPI init
[    0.842615] np: nP ACPI: found 3 devices

[   0.931946] clocksource: acpi_pm: mask: 0xffffff max_ccles: 0xffffff, max_ile_ns:2085701024 ns
[   1.116046] NET: Registered protocol family 2

[    1.154181] TCP established hash table entries: 8192 (order: 4, 65536 bytes)
[    1.157487] TCP bind hash table entries: 8192 (order: 5, 131072 bytes)
[    1.160271] TCP: Hash tables configured (established 8192 bind 8192)
[    1.164079] UDP hsh table enries: 512 (oder: 2, 1684 bytes)
[    1.297562] UDP-Lite hash table entries: 512 (order:  16384 bytes)
[    1.374201] NET: Registered protool family 1
[    1.410727] p 0000:00:00.0: Limiting direct PCI/PCI transfers
[    1.511323] pci 0000:00:01.0: ctivating ISA DMA hang workarounds
[    1.55587] pci 0000:00:02.0: Video device with shadowed ROM at [mem0x000c0000-0x000dffff]
[    .62399] Unpacking initrafs...

[    2.187373] Freeing initrd memory: 19532K
[    2.202523] platform rtc_cmos: registered platform RTC device (no PNP device found)
[    2.265412] Scanning for low memory corruption every 60 seconds
[    2.284176] Initialise system trusted keyrings
[    2.306525] Key type blacklist registered
[    2.318123] workingset: timestamp_bits=36 max_order=18 bucket_order=0
[    2.338586] zbud: loaded
[    2.345795] squashfs: version 4.0 (2009/01/31) Phillip Lougher
[    2.367413] fuse init (API version 7.26)
[    2.381215] Key type asymmetric registered
[    2.385605] Asymmetric key parser 'x509' registered
[    2.405719] Block layer SCSI generic (bsg) driver version 0.4 loaded (major 246)
[    2.410836] io scheduler noop registered
[    2.413244] io scheduler deadline registered
[    2.425087] io scheduler cfq registered (default)
[    2.431254] ACPI: AC Adapter [AC] (off-line)
[    2.441553] input: Power Button as /devices/LNXSYSTM:00/LNXPWRBN:00/input/input0
[    2.452214] ACPI: Power Button [PWRF]
[    2.462558] input: Sleep Button as /devices/LNXSYSTM:00/LNXSLPBN:00/input/input1
[    2.466732] ACPI: Sleep Button [SLPF]
[    2.474464] Serial: 8250/16550 driver, 32 ports, IRQ sharing enabled
[    2.476866] ACPI: Battery Slot [BAT0] (battery present)
[    2.517306] 00:02: ttyS0 at I/O 0x3f8 (irq = 4, base_baud = 115200) is a 16550A
[    2.553529] Linux agpgart interface v0.103
[    2.563939] loop: module loaded
[    2.568089] scsi host0: ata_piix
[    2.573440] scsi host1: ata_piix
[    2.577714] ata1: PATA max UDMA/33 cmd 0x1f0 ctl 0x3f6 bmdma 0xd000 irq 14
[    2.592852] ata2: PATA max UDMA/33 cmd 0x170 ctl 0x376 bmdma 0xd008 irq 15
[    2.596785] libphy: Fixed MDIO Bus: probed
[    2.600585] tun: Universal TUN/TAP device driver, 1.6
[    2.613229] PPP generic driver version 2.4.2
[    2.619958] ehci_hcd: USB 2.0 'Enhanced' Host Controller (EHCI) Driver
[    2.629675] ehci-pci: EHCI PCI platform driver
[    2.639285] ehci-platform: EHCI generic platform driver
[    2.649301] ohci_hcd: USB 1.1 'Open' Host Controller (OHCI) Driver
[    2.660088] ohci-pci: OHCI PCI platform driver
[    2.669849] ohci-platform: OHCI generic platform driver
[    2.676705] uhci_hcd: USB Universal Host Controller Interface driver
[    2.695943] i8042: PNP: PS/2 Controller [PNP0303:PS2K,PNP0f03:PS2M] at 0x60,0x64 irq 1,12
[    2.717691] serio: i8042 KBD port at 0x60,0x64 irq 1
[    2.725663] serio: i8042 AUX port at 0x60,0x64 irq 12
[    2.734625] mousedev: PS/2 mouse device common for all mice
[    2.777845] rtc_cmos rtc_cmos: rtc core: registered rtc_cmos as rtc0
[    2.795770] rtc_cmos rtc_cmos: alarms up to one day, 114 bytes nvram
[    2.854336] i2c /dev entries driver
[    2.872759] input: AT Translated Set 2 keyboard as /devices/platform/i8042/serio0/input/input2
[    2.876655] pcie_mp2_amd: AMD(R) PCI-E MP2 Communication Driver Version: 1.0
[    2.876773] device-mapper: uevent: version 1.0.3
[    2.876862] device-mapper: ioctl: 4.37.0-ioctl (2017-09-20) initialised: dm-devel@redhat.com
[    3.063230] ledtrig-cpu: registered to indicate activity on CPUs
[    3.078738] NET: Registered protocol family 10
[    3.117697] Segment Routing with IPv6
[    3.124939] NET: Registered protocol family 17
[    3.132182] Key type dns_resolver registered
[    3.142075] RAS: Correctable Errors collector initialized.
[    3.150010] sched_clock: Marking stable (3149956872, 0)->(8130461055, -4980504183)
[    3.155536] registered taskstats version 1
[    3.158224] Loading compiled-in X.509 certificates
[    3.165203] Loaded X.509 cert 'Build time autogenerated kernel key: 6afcca3ddc80072aeae87585a7fdb65d40603f58'
[    3.195257] zswap: loaded using pool lzo/zbud
[    3.219060] Key type big_key registered
[    3.229307] Key type trusted registered
[    3.232822] tsc: Refined TSC clocksource calibration: 1104.764 MHz
[    3.232832] clocksource: tsc: mask: 0xffffffffffffffff max_cycles: 0xfecadd1242, max_idle_ns: 440795251486 ns
[    3.263703] Key type encrypted registered
[    3.270419] AppArmor: AppArmor sha1 policy hashing enabled
[    3.278779] ima: No TPM chip found, activating TPM-bypass! (rc=-19)
[    3.293638] ima: Allocated hash algorithm: sha1
[    3.304750] evm: HMAC attrs: 0x1
[    3.307345]   Magic number: 3:8:419
[    3.310296] rtc_cmos rtc_cmos: setting system clock to 2019-01-27 06:26:48 UTC (1548570408)
[    3.341873] BIOS EDD facility v0.16 2004-Jun-25, 0 devices found
[    3.366243] EDD information not available.
[    3.386431] Freeing unused kernel memory: 2408K
[    3.431597] Write protecting the kernel read-only data: 20480k
[    3.441817] Freeing unused kernel memory: 2008K
[    3.449990] Freeing unused kernel memory: 1892K
[    3.465851] x86/mm: Checked W+X mappings: passed, no W+X pages found.
[    3.480664] x86/mm: Checking user space page tables
[    3.495986] x86/mm: Checked W+X mappings: passed, no W+X pages found.
Loading, please wait...
starting version 237
[    3.626770] Fusion MPT base driver 3.04.20
[    3.628932] Copyright (c) 1999-2008 LSI Corporation
[    3.631930] e1000: Intel(R) PRO/1000 Network Driver - version 7.3.21-k8-NAPI
[    3.641776] e1000: Copyright (c) 1999-2006 Intel Corporation.
[    3.655970] Fusion MPT SPI Host driver 3.04.20
[    3.674798] AVX2 version of gcm_enc/dec engaged.
[    3.677052] AES CTR mode by8 optimization enabled
[    3.679806] vboxvideo: loading out-of-tree module taints kernel.
[    3.683272] vboxvideo: module verification failed: signature and/or required key missing - tainting kernel
[    3.870934] input: ImExPS/2 Generic Explorer Mouse as /devices/platform/i8042/serio1/input/input4
[    4.240597] e1000 0000:00:03.0 eth0: (PCI:33MHz:32-bit) 02:62:7a:79:f6:ca
[    4.275696] e1000 0000:00:03.0 eth0: Intel(R) PRO/1000 Network Connection
[    4.851472] e1000 0000:00:08.0 eth1: (PCI:33MHz:32-bit) 08:00:27:a1:f2:d5
[    4.863886] e1000 0000:00:08.0 eth1: Intel(R) PRO/1000 Network Connection
[    4.870091] e1000 0000:00:03.0 enp0s3: renamed from eth0
[    4.879447] mptbase: ioc0: Initiating bringup
[    4.895250] e1000 0000:00:08.0 enp0s8: renamed from eth1
[    5.001085] ioc0: LSI53C1030 A0: Capabilities={Initiator}
[    6.093981] scsi host2: ioc0: LSI53C1030 A0, FwRev=00000000h, Ports=1, MaxQ=256, IRQ=20
[    7.253827] scsi 2:0:0:0: Direct-Access     VBOX     HARDDISK         1.0  PQ: 0 ANSI: 5
[    7.257582] [drm] VRAM 01000000
[    7.258271] [TTM] Zone  kernel: Available graphics memory: 504464 kiB
[    7.258271] [TTM] Initializing pool allocator
[    7.258277] [TTM] Initializing DMA pool allocator
[    7.318235] fbcon: vboxdrmfb (fb0) is primary device
[    7.321298] Console: switching to colour frame buffer device 100x37
[    7.342350] vboxvideo 0000:00:02.0: fb0: vboxdrmfb frame buffer device
[    7.364239] scsi target2:0:0: Beginning Domain Validation
[    7.372273] [drm] Initialized vboxvideo 1.0.0 20130823 for 0000:00:02.0 on minor 0
[    7.423776] scsi target2:0:0: Domain Validation skipping write tests
[    7.436772] scsi target2:0:0: Ending Domain Validation
[    7.440650] scsi target2:0:0: asynchronous
[    7.453926] scsi 2:0:1:0: Direct-Access     VBOX     HARDDISK         1.0  PQ: 0 ANSI: 5
[    7.950684] scsi target2:0:1: Beginning Domain Validation
[    9.029186] random: fast init done
[    9.139585] scsi target2:0:1: Domain Validation skipping write tests
[    9.161581] scsi target2:0:1: Ending Domain Validation
[    9.164490] scsi target2:0:1: asynchronous
[    9.175720] random: systemd-udevd: uninitialized urandom read (16 bytes read)
[    9.200978] random: systemd-udevd: uninitialized urandom read (16 bytes read)
[    9.201051] sd 2:0:0:0: Attached scsi generic sg0 type 0
[    9.211566] sd 2:0:1:0: Attached scsi generic sg1 type 0
[    9.234279] random: systemd-udevd: uninitialized urandom read (16 bytes read)
[    9.240192] sd 2:0:0:0: [sda] 20971520 512-byte logical blocks: (10.7 GB/10.0 GiB)
[    9.244910] sd 2:0:1:0: [sdb] 20480 512-byte logical blocks: (10.5 MB/10.0 MiB)
[    9.245116] sd 2:0:1:0: [sdb] Write Protect is off
[    9.245351] sd 2:0:1:0: [sdb] Incomplete mode parameter data
[    9.245353] sd 2:0:1:0: [sdb] Assuming drive cache: write through
[    9.265659] sd 2:0:1:0: [sdb] Attached SCSI disk
[    9.351788] sd 2:0:0:0: [sda] Write Protect is off
[    9.376269] sd 2:0:0:0: [sda] Incomplete mode parameter data
[    9.394242] sd 2:0:0:0: [sda] Assuming drive cache: write through
[    9.403555]  sda: sda1
[    9.407305] sd 2:0:0:0: [sda] Attached SCSI disk
Begin: Loading essential drivers ... [    9.664271] raid6: sse2x1   gen()  6598 MB/s
[    9.736325] raid6: sse2x1   xor()  4502 MB/s
[    9.796305] raid6: sse2x2   gen()  6723 MB/s
[    9.848440] raid6: sse2x2   xor()  2155 MB/s
[    9.904490] raid6: sse2x4   gen()  3297 MB/s
[    9.960773] raid6: sse2x4   xor()  3916 MB/s
[   10.020605] raid6: avx2x1   gen() 10476 MB/s
[   10.084470] raid6: avx2x1   xor()  7440 MB/s
[   10.140238] raid6: avx2x2   gen() 15768 MB/s
[   10.196226] raid6: avx2x2   xor() 10242 MB/s
[   10.256072] raid6: avx2x4   gen() 16489 MB/s
[   10.308077] raid6: avx2x4   xor() 10250 MB/s
[   10.322675] raid6: using algorithm avx2x4 gen() 16489 MB/s
[   10.330308] raid6: .... xor() 10250 MB/s, rmw enabled
[   10.335442] raid6: using avx2x2 recovery algorithm
[   10.342256] xor: automatically using best checksumming function   avx       
[   10.370804] async_tx: api initialized (async)
done.
Begin: Running /scripts/init-premount ... done.
Begin: Mounting root file system ... Begin: Running /scripts/local-top ... done.
Begin: Running /scripts/local-premount ... [   10.461608] Btrfs loaded, crc32c=crc32c-intel
Scanning for Btrfs filesystems
done.
Warning: fsck not present, so skipping root file[   10.525816] EXT4-fs (sda1): mounted filesystem with ordered data mode. Opts: (null)
 system
done.
Begin: Running /scripts/local-bottom ... done.
Begin: Running /scripts/init-bottom ... done.
[   10.897689] ip_tables: (C) 2000-2006 Netfilter Core Team
[   10.931931] systemd[1]: systemd 237 running in system mode. (+PAM +AUDIT +SELINUX +IMA +APPARMOR +SMACK +SYSVINIT +UTMP +LIBCRYPTSETUP +GCRYPT +GNUTLS +ACL +XZ +LZ4 +SECCOMP +BLKID +ELFUTILS +KMOD -IDN2 +IDN -PCRE2 default-hierarchy=hybrid)
[   10.968884] systemd[1]: Detected virtualization oracle.
[   10.978516] systemd[1]: Detected architecture x86-64.

Welcome to [1mUbuntu 18.04.1 LTS[0m!

[   10.999287] systemd[1]: Set hostname to <ubuntu-bionic>.
[   11.496524] systemd[1]: Reached target User and Group Name Lookups.
[[0;32m  OK  [0m] Reached target User and Group Name Lookups.
[   11.504626] systemd[1]: Reached target Swap.
[[0;32m  OK  [0m] Reached target Swap.
[   11.513852] systemd[1]: Created slice System Slice.
[[0;32m  OK  [0m] Created slice System Slice.
[   11.565321] systemd[1]: Listening on Device-mapper event daemon FIFOs.
[[0;32m  OK  [0m] Listening on Device-mapper event daemon FIFOs.
[   11.613512] systemd[1]: Listening on /dev/initctl Compatibility Named Pipe.
[[0;32m  OK  [0m] Listening on /dev/initctl Compatibility Named Pipe.
[   11.624629] systemd[1]: Listening on Journal Socket.
[[0;32m  OK  [0m] Listening on Journal Socket.
         Starting Remount Root and Kernel File Systems...
         Mounting Huge Pages File System...
         Starting Load Kernel Modules...
[[0;32m  OK  [0m] Reached target System Time Synchronized.
[[0;32m  OK  [0m] Listening on Syslog Socket.
[[0;32m  OK  [0m] Listening on Journal Socket [   11.734093] Loading iSCSI transport class v2.0-870.
(/dev/log).
[[0;32m  OK  [0m] Listening on[   11.762806] iscsi: registered transport (tcp)
 Network Service[   11.788522] EXT4-fs (sda1): re-mounted. Opts: (null)
 Netlink Socket.
         Starting Create list of required st…ce nodes for the current kernel...
         Mounting Kernel Debug File System...
         Starting Uncomplicated firewall...
[[0;32m  OK  [0[   11.843672] iscsi: registered transport (iser)
m] Listening on Journal Audit Socket.
[[0;32m  OK  [0m] Listening on udev Kernel Socket.
[[0;32m  OK  [0m] Listening on LVM2 metadata daemon socket.
         Mounting POSIX Message Queue File System...
         Starting Journal Service...
         Starting Monitoring of LVM2 mirrors…ng dmeventd or progress polling...
[[0;32m  OK  [0m] Set up automount Arbitrary Executab…rmats File System Automount Point.
[[0;32m  OK  [0m] Started Forward Password Requests to Wall Directory Watch.
[[0;32m  OK  [0m] Listening on LVM2 poll daemon socket.
[[0;32m  OK  [0m] Created slice system-serial\x2dgetty.slice.
         Starting Set the console keyboard layout...
[[0;32m  OK  [0m] Listening on udev Control Socket.
         Starting udev Coldplug all Devices...
[[0;32m  OK  [0m] Created slice User and Session Slice.
[[0;32m  OK  [0m] Reached target Slices.
[[0;32m  OK  [0m] Started Journal Service.
[[0;32m  OK  [0m] Started Remount Root and Kernel File Systems.
[[0;32m  OK  [0m] Mounted Huge Pages File System.
[[0;32m  OK  [0m] Started Load Kernel Modules.
[[0;32m  OK  [0m] Started Create list of required sta…vice nodes for the current kernel.
[[0;32m  OK  [0m] Mounted Kernel Debug File System.
[[0;32m  OK  [0m] Started Uncomplicated firewall.
[[0;32m  OK  [0m] Mounted POSIX Message Queue File System.
[[0;32m  OK  [0m] Started Set the console keyboard layout.
[[0;32m  OK  [0m] Started LVM2 metadata daemon.
         Starting Create Static Device Nodes in /dev...
         Mounting FUSE Control File System...
         Starting Apply Kernel Variables...
         Mounting Kernel Configuration File System...
         Starting Load/Save Random Seed...
         Starting Initial cloud-init job (pre-networking)...
         Starting Flush Journal to Persistent Storage...
[[0;32m  OK  [0m] Started Monitoring of LVM2 mirrors,…sing dmeventd or progress polling.
[[0;32m  OK  [0m] Mounted FUSE Control File System.
[[0;32m  OK  [0m] Started udev Coldplug all Devices.
[[0;32m  OK  [0m] Mounted Kernel Configuration File System.
[   12.457548] random: crng init done
[   12.460751] random: 7 urandom warning(s) missed due to ratelimiting
[[0;32m  OK  [0m] Started Load/Save Random Seed.
[[0;32m  OK  [0m] Started Create Static Device Nodes in /dev.
[[0;32m  OK  [0m] Reached target Local File Systems (Pre).
[[0;32m  OK  [0m] Reached target Local File Systems.
         Starting Set console font and keymap...
         Starting Tell Plymouth To Write Out Runtime Data...
         Starting ebtables ruleset management...
         Starting AppArmor initialization...
         Starting udev Kernel Device Manager...
[[0;32m  OK  [0m] Started Apply Kernel Variables.
[[0;32m  OK  [0m] Started Set console font and keymap.
[[0;32m  OK  [0m] Started Tell Plymouth To Write Out Runtime Data.
[[0;32m  OK  [0m] Started udev Kernel Device Manager.
[[0;32m  OK  [0m] Started Dispatch Password Requests to Console Directory Watch.
[[0;32m  OK  [0m] Reached target Local Encrypted Volumes.
[[0;32m  OK  [0m] Started ebtables ruleset management.
[[0;32m  OK  [0m] Started Flush Journal to Persistent Storage.
         Starting Create Volatile Files and Directories...
[[0;32m  OK  [0m] Started Create Volatile Files and Directories.
         Starting Update UTMP about System Boot/Shutdown...
[[0;32m  OK  [0m] Started Update UTMP about System Boot/Shutdown.
[[0;32m  OK  [0m] Found device /dev/ttyS0.
[[0;32m  OK  [0m] Started AppArmor initialization.
[[0;32m  OK  [0m] Listening on Load/Save RF Kill Switch Status /dev/rfkill Watch.
[   15.140536] cloud-init[418]: Cloud-init v. 18.4-0ubuntu1~18.04.1 running 'init-local' at Sun, 27 Jan 2019 06:26:59 +0000. Up 14.79 seconds.
[[0;32m  OK  [0m] Started Initial cloud-init job (pre-networking).
[[0;32m  OK  [0m] Reached target Network (Pre).
         Starting Network Service...
[[0;32m  OK  [0m] Started Network Service.
         Starting Wait for Network to be Configured...
         Starting Network Name Resolution...
[[0;32m  OK  [0m] Started Network Name Resolution.
[[0;32m  OK  [0m] Reached target Host and Network Name Lookups.
[[0;32m  OK  [0m] Reached target Network.
[[0;32m  OK  [0m] Started Wait for Network to be Configured.
         Starting Initial cloud-init job (metadata service crawler)...
[   18.149479] cloud-init[675]: Cloud-init v. 18.4-0ubuntu1~18.04.1 running 'init' at Sun, 27 Jan 2019 06:27:03 +0000. Up 17.94 seconds.
[   18.168617] cloud-init[675]: ci-info: ++++++++++++++++++++++++++++++++++++++Net device info+++++++++++++++++++++++++++++++++++++++
[   18.224655] cloud-init[675]: ci-info: +--------+------+-----------------------------+---------------+--------+-------------------+
[   18.296770] cloud-init[675]: ci-info: | Device |  Up  |           Address           |      Mask     | Scope  |     Hw-Address    |
[   18.323675] cloud-init[675]: ci-info: +--------+------+-----------------------------+---------------+--------+-------------------+
[   18.360957] cloud-init[675]: ci-info: | enp0s3 | True |          10.0.2.15          | 255.255.255.0 | global | 02:62:7a:79:f6:ca |
[   18.375035] cloud-init[675]: ci-info: | enp0s3 | True |  fe80::62:7aff:fe79:f6ca/64 |       .       |  link  | 02:62:7a:79:f6:ca |
[   18.407493] cloud-init[675]: ci-info: | enp0s8 | True |        192.168.33.10        | 255.255.255.0 | global | 08:00:27:a1:f2:d5 |
[   18.439238] cloud-init[675]: ci-info: | enp0s8 | True | fe80::a00:27ff:fea1:f2d5/64 |       .       |  link  | 08:00:27:a1:f2:d5 |
[   18.468615] cloud-init[675]: ci-info: |   lo   | True |          127.0.0.1          |   255.0.0.0   |  host  |         .         |
[   18.483031] cloud-init[675]: ci-info: |   lo   | True |           ::1/128           |       .       |  host  |         .         |
[   18.508788] cloud-init[675]: ci-info: +--------+------+-----------------------------+---------------+--------+-------------------+
[   18.525182] cloud-init[675]: ci-info: +++++++++++++++++++++++++++++Route IPv4 info+++++++++++++++++++++++++++++
[   18.541909] cloud-init[675]: ci-info: +-------+--------------+----------+-----------------+-----------+-------+
[   18.588894] cloud-init[675]: ci-info: | Route | Destination  | Gateway  |     Genmask     | Interface | Flags |
[[0;32m  OK  [0m] Started Initial cloud-init job (metadata service crawler).
[[0;32m  OK  [0m] Reached target System Initialization.
[   18.668708] cloud-init[675]: ci-info: +-------+--------------+----------+-----------------+-----------+-------+
[   18.761051] cloud-init[675]: ci-info: |   0   |   0.0.0.0    | 10.0.2.2 |     0.0.0.0     |   enp0s3  |   UG  |
[[0;32m  OK  [0m] Listening on UUID daemon activation socket.
[[0;32m  OK  [0m] Started Daily Cleanup of Temporary Directories.
[   18.801753] cloud-init[675]: ci-info: |   1   |   10.0.2.0   | 0.0.0.0  |  255.255.255.0  |   enp0s3  |   U   |
[   18.933862] cloud-init[675]: ci-info: |   2   |   10.0.2.2   | 0.0.0.0  | 255.255.255.255 |   enp0s3  |   UH  |
[   18.950572] cloud-init[675]: ci-info: |   3   | 192.168.33.0 | 0.0.0.0  |  255.255.255.0  |   enp0s8  |   U   |
[[   19.004747] cloud-init[675]: ci-info: +-------+--------------+----------+-----------------+-----------+-------+
[   19.004984] cloud-init[675]: ci-info: +++++++++++++++++++Route IPv6 info+++++++++++++++++++
[   19.005607] cloud-init[675]: ci-info: +-------+-------------+---------+-----------+-------+
[   19.005677] cloud-init[675]: ci-info: | Route | Destination | Gateway | Interface | Flags |
[   19.005789] cloud-init[675]: ci-info: +-------+-------------+---------+-----------+-------+
[   19.005833] cloud-init[675]: ci-info: |   1   |  fe80::/64  |    ::   |   enp0s8  |   U   |
[   19.005875] cloud-init[675]: ci-info: |   2   |  fe80::/64  |    ::   |   enp0s3  |   U   |
[   19.005917] cloud-init[675]: ci-info: |   4   |    local    |    ::   |   enp0s3  |   U   |
[   19.005958] cloud-init[675]: ci-info: |   5   |    local    |    ::   |   enp0s8  |   U   |
[   19.006024] cloud-init[675]: ci-info: |   6   |   ff00::/8  |    ::   |   enp0s8  |   U   |
[   19.006068] cloud-init[675]: ci-info: |   7   |   ff00::/8  |    ::   |   enp0s3  |   U   |
[   19.006110] cloud-init[675]: ci-info: +-------+-------------+---------+-----------+-------+
[0;32m  OK  [0m] Started ACPI Events Check.
[[0;32m  OK  [0m] Reached target Paths.
[[0;32m  OK  [0m] Listening on D-Bus System Message Bus Socket.
         Starting LXD - unix socket.
[[0;32m  OK  [0m] Listening on ACPID Listen Socket.
         Starting Socket activation for snappy daemon.
[[0;32m  OK  [0m] Started Discard unused blocks once a week.
[[0;32m  OK  [0m] Started Message of the Day.
[[0;32m  OK  [0m] Listening on Open-iSCSI iscsid Socket.
[[0;32m  OK  [0m] Started Daily apt download activities.
[[0;32m  OK  [0m] Started Daily apt upgrade and clean activities.
[[0;32m  OK  [0m] Reached target Timers.
[[0;32m  OK  [0m] Reached target Network is Online.
         Starting Availability of block devices...
[[0;32m  OK  [0m] Reached target Remote File Systems (Pre).
[[0;32m  OK  [0m] Reached target Remote File Systems.
[[0;32m  OK  [0m] Reached target Cloud-config availability.
[[0;32m  OK  [0m] Listening on LXD - unix socket.
[[0;32m  OK  [0m] Listening on Socket activation for snappy daemon.
[[0;32m  OK  [0m] Started Availability of block devices.
[[0;32m  OK  [0m] Reached target Sockets.
[[0;32m  OK  [0m] Reached target Basic System.
[[0;32m  OK  [0m] Started FUSE filesystem for LXC.
         Starting OpenBSD Secure Shell server...
[[0;32m  OK  [0m] Started irqbalance daemon.
         Starting Accounts Service...
         Starting Snappy daemon...
         Starting LSB: automatic crash report generation...
         Starting Login Service...
         Starting LSB: Record successful boot for GRUB...
         Starting Permit User Sessions...
[[0;32m  OK  [0m] Started Deferred execution scheduler.
[[0;32m  OK  [0m] Started D-Bus System Message Bus.
         Starting vboxadd.service...
[[0;32m  OK  [0m] Started Regular background program processing daemon.
         Starting System Logging Service...
         Starting Dispatcher daemon for systemd-networkd...
         Starting LXD - container startup/shutdown...
[[0;32m  OK  [0m] Started System Logging Service.
[[0;32m  OK  [0m] Started Permit User Sessions.
[[0;32m  OK  [0m] Started Snappy daemon.
[[0;32m  OK  [0m] Started OpenBSD Secure Shell server.
[[0;32m  OK  [0m] Started Login Service.
[[0;32m  OK  [0m] Started Unattended Upgrades Shutdown.
         Starting Authorization Manager...
         Starting Wait until snapd is fully seeded...
         Starting Hold until boot process finishes up...
         Starting Terminate Plymouth Boot Screen...
[[0;32m  OK  [0m] Started Hold until boot process finishes up.
[[0;32m  OK  [0m] Started Terminate Plymouth Boot Screen.
[[0;32m  OK  [0m] Started Serial Getty on ttyS0.
         Starting Set console scheme...
[[0;32m  OK  [0m] Started LSB: automatic crash report generation.
[[0;32m  OK  [0m] Started LSB: Record successful boot for GRUB.
[[0;32m  OK  [0m] Started Wait until snapd is fully seeded.
[[0;32m  OK  [0m] Started Set console scheme.
[[0;32m  OK  [0m] Created slice system-getty.slice.
[[0;32m  OK  [0m] Started Getty on tty1.
[[0;32m  OK  [0m] Reached target Login Prompts.
         Starting Apply the settings specified in cloud-config...
[[0;32m  OK  [0m] Started Authorization Manager.
[[0;32m  OK  [0m] Started Accounts Service.
[[0;32m  OK  [0m] Started LXD - container startup/shutdown.
[[0;32m  OK  [0m] Started Dispatcher daemon for systemd-networkd.
[[0;32m  OK  [0m] Created slice User Slice of vagrant.
         Starting User Manager for UID 1000...
[[0;32m  OK  [0m] Started Session 1 of user vagrant.
[[0;32m  OK  [0m] Started vboxadd.service.
         Starting vboxadd-service.service...
[[0;32m  OK  [0m] Started vboxadd-service.service.
[[0;32m  OK  [0m] Started User Manager for UID 1000.
[[0;32m  OK  [0m] Reached target Multi-User System.
[[0;32m  OK  [0m] Reached target Graphical Interface.
         Starting Update UTMP about System Runlevel Changes...
[[0;32m  OK  [0m] Started Update UTMP about System Runlevel Changes.
[   22.543215] cloud-init[930]: Cloud-init v. 18.4-0ubuntu1~18.04.1 running 'modules:config' at Sun, 27 Jan 2019 06:27:07 +0000. Up 22.13 seconds.
[[0;32m  OK  [0m] Started Apply the settings specified in cloud-config.
         Starting Execute cloud user/final scripts...
[   23.716641] cloud-init[1115]: Cloud-init v. 18.4-0ubuntu1~18.04.1 running 'modules:final' at Sun, 27 Jan 2019 06:27:08 +0000. Up 23.37 seconds.
[   23.739294] cloud-init[1115]: Cloud-init v. 18.4-0ubuntu1~18.04.1 finished at Sun, 27 Jan 2019 06:27:08 +0000. Datasource DataSourceNoCloud [seed=/dev/sdb][dsmode=net].  Up 23.69 seconds
[[0;32m  OK  [0m] Started Execute cloud user/final scripts.
[[0;32m  OK  [0m] Reached target Cloud-init target.

Ubuntu 18.04.1 LTS ubuntu-bionic ttyS0

ubuntu-bionic login: 